e:\filewatch\filewatch\x64\debug\moc_mainwindow.obj
e:\filewatch\filewatch\x64\debug\moc_finddialog.obj
e:\filewatch\filewatch\x64\debug\moc_taskdialog.obj
e:\filewatch\filewatch\x64\debug\moc_filewatcher.obj
e:\filewatch\filewatch\x64\debug\database.obj
e:\filewatch\filewatch\x64\debug\taskdialog.obj
e:\filewatch\filewatch\x64\debug\filewatcher.obj
e:\filewatch\filewatch\x64\debug\finddialog.obj
e:\filewatch\filewatch\x64\debug\main.obj
e:\filewatch\filewatch\x64\debug\mainwindow.obj
e:\filewatch\filewatch\x64\debug\vc142.pdb
e:\filewatch\filewatch\x64\debug\qrc_qres.obj
f:\filewatch\filewatch\x64\debug\uic\ui_finddialog.h
f:\filewatch\filewatch\x64\debug\uic\ui_mainwindow.h
f:\filewatch\filewatch\x64\debug\uic\ui_taskdialog.h
f:\filewatch\filewatch\x64\debug\rcc\qrc_qres.cpp
f:\filewatch\filewatch\x64\debug\moc\moc_taskdialog.cpp
f:\filewatch\filewatch\x64\debug\moc\moc_mainwindow.cpp
f:\filewatch\filewatch\x64\debug\moc\moc_finddialog.cpp
f:\filewatch\filewatch\x64\debug\moc\moc_filewatcher.cpp
e:\filewatch\filewatch\x64\debug\moc\moc_taskdialog.cpp
e:\filewatch\filewatch\x64\debug\moc\moc_mainwindow.cpp
e:\filewatch\filewatch\x64\debug\moc\moc_finddialog.cpp
e:\filewatch\filewatch\x64\debug\moc\moc_filewatcher.cpp
e:\filewatch\filewatch\x64\debug\uic\ui_finddialog.h
e:\filewatch\filewatch\x64\debug\uic\ui_mainwindow.h
e:\filewatch\filewatch\x64\debug\uic\ui_taskdialog.h
e:\filewatch\filewatch\x64\debug\rcc\qrc_qres.cpp
e:\filewatch\x64\debug\filewatch.exe
e:\filewatch\x64\debug\filewatch.ilk
e:\filewatch\x64\debug\filewatch.pdb
e:\filewatch\filewatch\x64\debug\filewatch.tlog\cl.command.1.tlog
e:\filewatch\filewatch\x64\debug\filewatch.tlog\cl.read.1.tlog
e:\filewatch\filewatch\x64\debug\filewatch.tlog\cl.write.1.tlog
e:\filewatch\filewatch\x64\debug\filewatch.tlog\filewatch.write.1u.tlog
e:\filewatch\filewatch\x64\debug\filewatch.tlog\link.command.1.tlog
e:\filewatch\filewatch\x64\debug\filewatch.tlog\link.read.1.tlog
e:\filewatch\filewatch\x64\debug\filewatch.tlog\link.write.1.tlog
e:\filewatch\filewatch\x64\debug\filewatch.tlog\moc.read.1u.tlog
e:\filewatch\filewatch\x64\debug\filewatch.tlog\moc.write.1u.tlog
e:\filewatch\filewatch\x64\debug\filewatch.tlog\rcc.read.1u.tlog
e:\filewatch\filewatch\x64\debug\filewatch.tlog\rcc.write.1u.tlog
e:\filewatch\filewatch\x64\debug\filewatch.tlog\uic.read.1u.tlog
e:\filewatch\filewatch\x64\debug\filewatch.tlog\uic.write.1u.tlog
